<?xml version="1.0" encoding="UTF-8"?>
<!-- Generated by org.testng.reporters.JUnitReportReporter -->
<testsuite hostname="LAPTOP-T3PLNMVP" failures="0" tests="13" name="testng_package.Shopping" time="11.367" errors="0" timestamp="2024-01-03T08:54:16 IST" skipped="0">
  <testcase classname="testng_package.Shopping" name="login" time="0.694"/>
  <system-out/>
  <testcase classname="testng_package.Shopping" name="order" time="3.240"/>
  <system-out/>
  <testcase classname="testng_package.Shopping" name="addCardItem1" time="0.266"/>
  <system-out/>
  <testcase classname="testng_package.Shopping" name="addCardItem2" time="0.171"/>
  <system-out/>
  <testcase classname="testng_package.Shopping" name="addCardItem3" time="0.225"/>
  <system-out/>
  <testcase classname="testng_package.Shopping" name="addCardItem4" time="0.302"/>
  <system-out/>
  <testcase classname="testng_package.Shopping" name="addCardItem5" time="0.275"/>
  <system-out/>
  <testcase classname="testng_package.Shopping" name="addCardItem6" time="0.259"/>
  <system-out/>
  <testcase classname="testng_package.Shopping" name="openShoppingCard" time="0.097"/>
  <system-out/>
  <testcase classname="testng_package.Shopping" name="checkout" time="0.081"/>
  <system-out/>
  <testcase classname="testng_package.Shopping" name="myInformation" time="0.567"/>
  <system-out/>
  <testcase classname="testng_package.Shopping" name="finishShopping" time="0.073"/>
  <system-out/>
  <testcase classname="testng_package.Shopping" name="backToHome" time="5.117"/>
  <system-out/>
</testsuite> <!-- testng_package.Shopping -->
