<?xml version="1.0" encoding="UTF-8"?>
<!-- Generated by org.testng.reporters.JUnitReportReporter -->
<testsuite hostname="LAPTOP-T3PLNMVP" failures="0" tests="3" name="testng_package.testng_class2" time="6.268" errors="0" timestamp="2024-01-02T07:40:53 IST" skipped="0">
  <testcase classname="testng_package.testng_class2" name="browser" time="2.581"/>
  <system-out/>
  <testcase classname="testng_package.testng_class2" name="rg" time="2.508"/>
  <system-out/>
  <testcase classname="testng_package.testng_class2" name="Lg" time="1.179"/>
  <system-out/>
</testsuite> <!-- testng_package.testng_class2 -->
