<?xml version="1.0" encoding="UTF-8"?>
<!-- Generated by org.testng.reporters.JUnitReportReporter -->
<testsuite hostname="LAPTOP-T3PLNMVP" failures="0" tests="1" name="testng_package.testng_class" time="0.003" errors="0" timestamp="2024-01-02T07:40:53 IST" skipped="0">
  <testcase classname="testng_package.testng_class" name="f1" time="0.003"/>
  <system-out/>
</testsuite> <!-- testng_package.testng_class -->
