<?xml version="1.0" encoding="UTF-8"?>
<!-- Generated by org.testng.reporters.JUnitReportReporter -->
<testsuite hostname="LAPTOP-T3PLNMVP" failures="0" tests="3" name="testng_package.Depend_method" time="0.009" errors="0" timestamp="2024-01-04T09:19:22 IST" skipped="0">
  <testcase classname="testng_package.Depend_method" name="f2" time="0.001"/>
  <system-out/>
  <testcase classname="testng_package.Depend_method" name="f3" time="0.001"/>
  <system-out/>
  <testcase classname="testng_package.Depend_method" name="f" time="0.007"/>
  <system-out/>
</testsuite> <!-- testng_package.Depend_method -->
